<?xml version="1.0" encoding="UTF-8"?>
<testsuite name="com.stephen.StringCataTest" tests="1" skipped="0" failures="0" errors="0" timestamp="2020-07-10T17:00:19" hostname="Davids-MBP" time="0.002">
  <properties/>
  <testcase name="testParseOne" classname="com.stephen.StringCataTest" time="0.002"/>
  <system-out><![CDATA[]]></system-out>
  <system-err><![CDATA[]]></system-err>
</testsuite>
